<<<<<<< HEAD
2017/07/27 19:04:09 INFO  - jmeter.util.JMeterUtils: Setting Locale to en_US 
2017/07/27 19:04:09 INFO  - jmeter.JMeter: Loading user properties from: D:\Vector\Performance\bin\user.properties 
2017/07/27 19:04:09 INFO  - jmeter.JMeter: Loading system properties from: D:\Vector\Performance\bin\system.properties 
2017/07/27 19:04:09 INFO  - jmeter.JMeter: Copyright (c) 1998-2016 The Apache Software Foundation 
2017/07/27 19:04:09 INFO  - jmeter.JMeter: Version 3.1 r1770033 
2017/07/27 19:04:09 INFO  - jmeter.JMeter: java.version=1.8.0_141 
2017/07/27 19:04:09 INFO  - jmeter.JMeter: java.vm.name=Java HotSpot(TM) 64-Bit Server VM 
2017/07/27 19:04:09 INFO  - jmeter.JMeter: os.name=Windows Server 2016 
2017/07/27 19:04:09 INFO  - jmeter.JMeter: os.arch=amd64 
2017/07/27 19:04:09 INFO  - jmeter.JMeter: os.version=10.0 
2017/07/27 19:04:09 INFO  - jmeter.JMeter: file.encoding=Cp1252 
2017/07/27 19:04:09 INFO  - jmeter.JMeter: Max memory     =3208118272 
2017/07/27 19:04:09 INFO  - jmeter.JMeter: Available Processors =4 
2017/07/27 19:04:09 INFO  - jmeter.JMeter: Default Locale=English (United States) 
2017/07/27 19:04:09 INFO  - jmeter.JMeter: JMeter  Locale=English (United States) 
2017/07/27 19:04:09 INFO  - jmeter.JMeter: JMeterHome=D:\Vector\Performance 
2017/07/27 19:04:09 INFO  - jmeter.JMeter: user.dir  =D:\Vector\Performance\bin 
2017/07/27 19:04:09 INFO  - jmeter.JMeter: PWD       =D:\Vector\Performance\bin 
2017/07/27 19:04:09 INFO  - jmeter.JMeter: IP: 172.16.155.29 Name: GMG05CRMDEV01 FullName: GMG05CRMDEV01.grupomonge.corp 
2017/07/27 19:04:10 INFO  - jmeter.gui.action.LookAndFeelCommand: Using look and feel: javax.swing.plaf.metal.MetalLookAndFeel [Metal, CrossPlatform] 
2017/07/27 19:04:10 INFO  - jmeter.JMeter: Loaded icon properties from org/apache/jmeter/images/icon.properties 
2017/07/27 19:04:12 INFO  - jmeter.engine.util.CompoundVariable: Note: Function class names must contain the string: '.functions.' 
2017/07/27 19:04:12 INFO  - jmeter.engine.util.CompoundVariable: Note: Function class names must not contain the string: '.gui.' 
2017/07/27 19:04:14 INFO  - org.jmeterplugins.repository.PluginManager: Plugins Status: [jpgc-graphs-basic=2.0, jpgc-graphs-additional=2.0, jpgc-autostop=0.1, blazemeter-debugger=0.3, jpgc-sense=2.4, netflix-cassandra=0.2-SNAPSHOT, jpgc-cmd=2.1, jpgc-graphs-composite=2.0, jpgc-csl=0.1, jpgc-functions=2.0, custom-soap=1.3, jpgc-casutg=2.1, jpgc-dbmon=0.1, jpgc-directory-listing=0.1, jpgc-graphs-dist=2.0, jpgc-dummy=0.2, jmeter-ftp=3.1, jpgc-filterresults=2.1, jpgc-ffw=2.0, jpgc-ggl=2.0, jmeter-http=3.1, jpgc-httpraw=0.1, jpgc-sts=2.2, jpgc-hadoop=2.0, jpgc-fifo=0.2, jmeter-jdbc=3.1, jpgc-jms=0.2, jmeter-jms=3.1, jpgc-jmxmon=0.2, jmeter-core=3.1, jpgc-json=2.6, jmeter-junit=3.1, jmeter-java=3.1, jpgc-graphs-vs=2.0, kafkameter=0.2.0, jmeter-ldap=3.1, jpgc-lockfile=0.1, mqtt-sampler=0.0.1-SNAPSHOT, jmeter-mail=3.1, jpgc-mergeresults=2.1, jmeter-mongodb=3.1, jpgc-oauth=0.1, jmeter-native=3.1, jpgc-pde=0.1, jpgc-prmctl=0.3, jpgc-perfmon=2.1, jpgc-plugins-manager=0.11, jpgc-redis=0.2, jpgc-rotating-listener=0.1, ssh-sampler=1.1.1-SNAPSHOT, jpgc-webdriver=1.4.0, jpgc-synthesis=2.0, jmeter-tcp=3.1, jpgc-plancheck=2.1, jpgc-tst=2.0, jpgc-udp=0.3, jpgc-csvars=0.1, jmeter-components=3.1, tilln-wssecurity=1.1, websocket-sampler=1.0.2-SNAPSHOT, jpgc-wsc=0.1, jpgc-xml=0.1, jpgc-xmpp=1.5.1, jpgc-standard=2.0] 
2017/07/27 19:04:17 INFO  - jmeter.gui.util.MenuFactory: Skipping org.apache.jmeter.assertions.BSFAssertion 
2017/07/27 19:04:17 INFO  - jmeter.gui.util.MenuFactory: Skipping org.apache.jmeter.extractor.BSFPostProcessor 
2017/07/27 19:04:17 INFO  - jmeter.gui.util.MenuFactory: Skipping org.apache.jmeter.modifiers.BSFPreProcessor 
2017/07/27 19:04:17 INFO  - jmeter.protocol.http.sampler.HTTPSamplerBase: Parser for text/html is org.apache.jmeter.protocol.http.parser.LagartoBasedHtmlParser 
2017/07/27 19:04:17 INFO  - jmeter.protocol.http.sampler.HTTPSamplerBase: Parser for application/xhtml+xml is org.apache.jmeter.protocol.http.parser.LagartoBasedHtmlParser 
2017/07/27 19:04:17 INFO  - jmeter.protocol.http.sampler.HTTPSamplerBase: Parser for application/xml is org.apache.jmeter.protocol.http.parser.LagartoBasedHtmlParser 
2017/07/27 19:04:17 INFO  - jmeter.protocol.http.sampler.HTTPSamplerBase: Parser for text/xml is org.apache.jmeter.protocol.http.parser.LagartoBasedHtmlParser 
2017/07/27 19:04:17 INFO  - jmeter.protocol.http.sampler.HTTPSamplerBase: Parser for text/vnd.wap.wml is org.apache.jmeter.protocol.http.parser.RegexpHTMLParser 
2017/07/27 19:04:17 INFO  - jmeter.protocol.http.sampler.HTTPSamplerBase: Parser for text/css is org.apache.jmeter.protocol.http.parser.CssParser 
2017/07/27 19:04:18 INFO  - jorphan.exec.KeyToolUtils: keytool found at 'C:\Program Files\Java\jre1.8.0_141\bin\keytool' 
2017/07/27 19:04:18 INFO  - jmeter.protocol.http.proxy.ProxyControl: HTTP(S) Test Script Recorder SSL Proxy will use keys that support embedded 3rd party resources in file D:\Vector\Performance\bin\proxyserver.jks 
2017/07/27 19:04:18 INFO  - jmeter.gui.util.MenuFactory: Skipping org.apache.jmeter.protocol.java.sampler.BSFSampler 
2017/07/27 19:04:18 INFO  - jmeter.gui.util.MenuFactory: Skipping org.apache.jmeter.protocol.mongodb.config.MongoSourceElement 
2017/07/27 19:04:18 INFO  - jmeter.gui.util.MenuFactory: Skipping org.apache.jmeter.protocol.mongodb.sampler.MongoScriptSampler 
2017/07/27 19:04:18 WARN  - jmeter.util.JMeterUtils: ERROR! Resource string not found: [mqtt_qos] 
2017/07/27 19:04:18 WARN  - jmeter.util.JMeterUtils: ERROR! Resource string not found: [mqtt_at_most_once] 
2017/07/27 19:04:18 WARN  - jmeter.util.JMeterUtils: ERROR! Resource string not found: [mqtt_at_least_once] 
2017/07/27 19:04:18 WARN  - jmeter.util.JMeterUtils: ERROR! Resource string not found: [mqtt_exactly_once] 
2017/07/27 19:04:18 WARN  - jmeter.util.JMeterUtils: ERROR! Resource string not found: [mqtt_client_types] 
2017/07/27 19:04:18 WARN  - jmeter.util.JMeterUtils: ERROR! Resource string not found: [mqtt_blocking_client] 
2017/07/27 19:04:18 WARN  - jmeter.util.JMeterUtils: ERROR! Resource string not found: [mqtt_async_client] 
2017/07/27 19:04:18 WARN  - jmeter.util.JMeterUtils: ERROR! Resource string not found: [mqtt_message_input_type] 
2017/07/27 19:04:18 WARN  - jmeter.util.JMeterUtils: ERROR! Resource string not found: [mqtt_message_input_type_text] 
2017/07/27 19:04:18 WARN  - jmeter.util.JMeterUtils: ERROR! Resource string not found: [mqtt_message_input_type_file] 
2017/07/27 19:04:18 WARN  - jmeter.util.JMeterUtils: ERROR! Resource string not found: [mqtt_qos] 
2017/07/27 19:04:18 WARN  - jmeter.util.JMeterUtils: ERROR! Resource string not found: [mqtt_at_most_once] 
2017/07/27 19:04:18 WARN  - jmeter.util.JMeterUtils: ERROR! Resource string not found: [mqtt_at_least_once] 
2017/07/27 19:04:18 WARN  - jmeter.util.JMeterUtils: ERROR! Resource string not found: [mqtt_exactly_once] 
2017/07/27 19:04:18 WARN  - jmeter.util.JMeterUtils: ERROR! Resource string not found: [mqtt_client_types] 
2017/07/27 19:04:18 WARN  - jmeter.util.JMeterUtils: ERROR! Resource string not found: [mqtt_blocking_client] 
2017/07/27 19:04:18 WARN  - jmeter.util.JMeterUtils: ERROR! Resource string not found: [mqtt_async_client] 
2017/07/27 19:04:18 INFO  - jmeter.gui.util.MenuFactory: Skipping org.apache.jmeter.timers.BSFTimer 
2017/07/27 19:04:19 INFO  - jmeter.gui.util.MenuFactory: Skipping org.apache.jmeter.visualizers.BSFListener 
2017/07/27 19:04:19 INFO  - jmeter.gui.util.MenuFactory: Skipping org.apache.jmeter.visualizers.MonitorHealthVisualizer 
2017/07/27 19:04:19 INFO  - jmeter.samplers.SampleResult: Note: Sample TimeStamps are START times 
2017/07/27 19:04:19 INFO  - jmeter.samplers.SampleResult: sampleresult.default.encoding is set to ISO-8859-1 
2017/07/27 19:04:19 INFO  - jmeter.samplers.SampleResult: sampleresult.useNanoTime=true 
2017/07/27 19:04:19 INFO  - jmeter.samplers.SampleResult: sampleresult.nanoThreadSleep=5000 
2017/07/27 19:04:46 INFO  - jmeter.services.FileServer: Default base='D:\Vector\Performance\bin' 
2017/07/27 19:04:46 INFO  - jmeter.gui.action.Load: Loading file: D:\Vector\Performance\src\CRM-baseline.jmx 
2017/07/27 19:04:46 INFO  - jmeter.services.FileServer: Set new base='D:\Vector\Performance\src' 
2017/07/27 19:04:47 INFO  - jmeter.save.SaveService: Testplan (JMX) version: 2.2. Testlog (JTL) version: 2.2 
2017/07/27 19:04:47 INFO  - jmeter.save.SaveService: Using SaveService properties file encoding UTF-8 
2017/07/27 19:04:47 INFO  - jmeter.save.SaveService: Using SaveService properties version 3.1 
2017/07/27 19:04:47 INFO  - jmeter.save.SaveService: All converter versions present and correct 
2017/07/27 19:04:47 INFO  - jmeter.save.SaveService: Loading file: D:\Vector\Performance\src\CRM-baseline.jmx 
2017/07/27 19:04:47 INFO  - jmeter.protocol.http.control.CookieManager: Settings: Delete null: true Check: true Allow variable: true Save: false Prefix: COOKIE_ 
2017/07/27 19:04:47 INFO  - jmeter.protocol.http.control.CacheManager: Will only cache the following methods: [GET] 
2017/07/27 19:08:02 INFO  - jmeter.services.FileServer: Set new base='D:\Vector\Performance\src' 
=======
2017/08/01 00:37:14 INFO  - jmeter.util.JMeterUtils: Setting Locale to en_US 
2017/08/01 00:37:15 INFO  - jmeter.JMeter: Loading user properties from: D:\Vector\Performance\bin\user.properties 
2017/08/01 00:37:15 INFO  - jmeter.JMeter: Loading system properties from: D:\Vector\Performance\bin\system.properties 
2017/08/01 00:37:15 INFO  - jmeter.JMeter: Copyright (c) 1998-2016 The Apache Software Foundation 
2017/08/01 00:37:15 INFO  - jmeter.JMeter: Version 3.1 r1770033 
2017/08/01 00:37:15 INFO  - jmeter.JMeter: java.version=1.8.0_141 
2017/08/01 00:37:15 INFO  - jmeter.JMeter: java.vm.name=Java HotSpot(TM) 64-Bit Server VM 
2017/08/01 00:37:15 INFO  - jmeter.JMeter: os.name=Windows Server 2016 
2017/08/01 00:37:15 INFO  - jmeter.JMeter: os.arch=amd64 
2017/08/01 00:37:15 INFO  - jmeter.JMeter: os.version=10.0 
2017/08/01 00:37:15 INFO  - jmeter.JMeter: file.encoding=Cp1252 
2017/08/01 00:37:15 INFO  - jmeter.JMeter: Max memory     =3208118272 
2017/08/01 00:37:15 INFO  - jmeter.JMeter: Available Processors =4 
2017/08/01 00:37:15 INFO  - jmeter.JMeter: Default Locale=English (United States) 
2017/08/01 00:37:15 INFO  - jmeter.JMeter: JMeter  Locale=English (United States) 
2017/08/01 00:37:15 INFO  - jmeter.JMeter: JMeterHome=D:\Vector\Performance 
2017/08/01 00:37:15 INFO  - jmeter.JMeter: user.dir  =D:\Vector\Performance\bin 
2017/08/01 00:37:15 INFO  - jmeter.JMeter: PWD       =D:\Vector\Performance\bin 
2017/08/01 00:37:15 INFO  - jmeter.JMeter: IP: 172.16.155.30 Name: GMG05CRMDEV02 FullName: GMG05CRMDEV02.grupomonge.corp 
2017/08/01 00:37:15 INFO  - jmeter.gui.action.LookAndFeelCommand: Using look and feel: javax.swing.plaf.metal.MetalLookAndFeel [Metal, CrossPlatform] 
2017/08/01 00:37:15 INFO  - jmeter.JMeter: Loaded icon properties from org/apache/jmeter/images/icon.properties 
2017/08/01 00:37:17 INFO  - jmeter.engine.util.CompoundVariable: Note: Function class names must contain the string: '.functions.' 
2017/08/01 00:37:17 INFO  - jmeter.engine.util.CompoundVariable: Note: Function class names must not contain the string: '.gui.' 
2017/08/01 00:37:20 INFO  - org.jmeterplugins.repository.PluginManager: Plugins Status: [jpgc-graphs-basic=2.0, jpgc-graphs-additional=2.0, jpgc-autostop=0.1, blazemeter-debugger=0.3, jpgc-sense=2.4, netflix-cassandra=0.2-SNAPSHOT, jpgc-cmd=2.1, jpgc-graphs-composite=2.0, jpgc-csl=0.1, jpgc-functions=2.0, custom-soap=1.3, jpgc-casutg=2.1, jpgc-dbmon=0.1, jpgc-directory-listing=0.1, jpgc-graphs-dist=2.0, jpgc-dummy=0.2, jmeter-ftp=3.1, jpgc-filterresults=2.1, jpgc-ffw=2.0, jpgc-ggl=2.0, jmeter-http=3.1, jpgc-httpraw=0.1, jpgc-sts=2.2, jpgc-hadoop=2.0, jpgc-fifo=0.2, jmeter-jdbc=3.1, jpgc-jms=0.2, jmeter-jms=3.1, jpgc-jmxmon=0.2, jmeter-core=3.1, jpgc-json=2.6, jmeter-junit=3.1, jmeter-java=3.1, jpgc-graphs-vs=2.0, kafkameter=0.2.0, jmeter-ldap=3.1, jpgc-lockfile=0.1, mqtt-sampler=0.0.1-SNAPSHOT, jmeter-mail=3.1, jpgc-mergeresults=2.1, jmeter-mongodb=3.1, jpgc-oauth=0.1, jmeter-native=3.1, jpgc-pde=0.1, jpgc-prmctl=0.3, jpgc-perfmon=2.1, jpgc-plugins-manager=0.11, jpgc-redis=0.2, jpgc-rotating-listener=0.1, ssh-sampler=1.1.1-SNAPSHOT, jpgc-webdriver=1.4.0, jpgc-synthesis=2.0, jmeter-tcp=3.1, jpgc-plancheck=2.1, jpgc-tst=2.0, jpgc-udp=0.3, jpgc-csvars=0.1, jmeter-components=3.1, tilln-wssecurity=1.1, websocket-sampler=1.0.2-SNAPSHOT, jpgc-wsc=0.1, jpgc-xml=0.1, jpgc-xmpp=1.5.1, jpgc-standard=2.0] 
2017/08/01 00:37:26 INFO  - jmeter.gui.util.MenuFactory: Skipping org.apache.jmeter.assertions.BSFAssertion 
2017/08/01 00:37:26 INFO  - jmeter.gui.util.MenuFactory: Skipping org.apache.jmeter.extractor.BSFPostProcessor 
2017/08/01 00:37:26 INFO  - jmeter.gui.util.MenuFactory: Skipping org.apache.jmeter.modifiers.BSFPreProcessor 
2017/08/01 00:37:26 INFO  - jmeter.protocol.http.sampler.HTTPSamplerBase: Parser for text/html is org.apache.jmeter.protocol.http.parser.LagartoBasedHtmlParser 
2017/08/01 00:37:26 INFO  - jmeter.protocol.http.sampler.HTTPSamplerBase: Parser for application/xhtml+xml is org.apache.jmeter.protocol.http.parser.LagartoBasedHtmlParser 
2017/08/01 00:37:26 INFO  - jmeter.protocol.http.sampler.HTTPSamplerBase: Parser for application/xml is org.apache.jmeter.protocol.http.parser.LagartoBasedHtmlParser 
2017/08/01 00:37:26 INFO  - jmeter.protocol.http.sampler.HTTPSamplerBase: Parser for text/xml is org.apache.jmeter.protocol.http.parser.LagartoBasedHtmlParser 
2017/08/01 00:37:26 INFO  - jmeter.protocol.http.sampler.HTTPSamplerBase: Parser for text/vnd.wap.wml is org.apache.jmeter.protocol.http.parser.RegexpHTMLParser 
2017/08/01 00:37:26 INFO  - jmeter.protocol.http.sampler.HTTPSamplerBase: Parser for text/css is org.apache.jmeter.protocol.http.parser.CssParser 
2017/08/01 00:37:27 INFO  - jorphan.exec.KeyToolUtils: keytool found at 'C:\Program Files\Java\jre1.8.0_141\bin\keytool' 
2017/08/01 00:37:27 INFO  - jmeter.protocol.http.proxy.ProxyControl: HTTP(S) Test Script Recorder SSL Proxy will use keys that support embedded 3rd party resources in file D:\Vector\Performance\bin\proxyserver.jks 
2017/08/01 00:37:27 INFO  - jmeter.gui.util.MenuFactory: Skipping org.apache.jmeter.protocol.java.sampler.BSFSampler 
2017/08/01 00:37:27 INFO  - jmeter.gui.util.MenuFactory: Skipping org.apache.jmeter.protocol.mongodb.config.MongoSourceElement 
2017/08/01 00:37:27 INFO  - jmeter.gui.util.MenuFactory: Skipping org.apache.jmeter.protocol.mongodb.sampler.MongoScriptSampler 
2017/08/01 00:37:27 WARN  - jmeter.util.JMeterUtils: ERROR! Resource string not found: [mqtt_qos] 
2017/08/01 00:37:27 WARN  - jmeter.util.JMeterUtils: ERROR! Resource string not found: [mqtt_at_most_once] 
2017/08/01 00:37:27 WARN  - jmeter.util.JMeterUtils: ERROR! Resource string not found: [mqtt_at_least_once] 
2017/08/01 00:37:27 WARN  - jmeter.util.JMeterUtils: ERROR! Resource string not found: [mqtt_exactly_once] 
2017/08/01 00:37:27 WARN  - jmeter.util.JMeterUtils: ERROR! Resource string not found: [mqtt_client_types] 
2017/08/01 00:37:27 WARN  - jmeter.util.JMeterUtils: ERROR! Resource string not found: [mqtt_blocking_client] 
2017/08/01 00:37:27 WARN  - jmeter.util.JMeterUtils: ERROR! Resource string not found: [mqtt_async_client] 
2017/08/01 00:37:27 WARN  - jmeter.util.JMeterUtils: ERROR! Resource string not found: [mqtt_message_input_type] 
2017/08/01 00:37:27 WARN  - jmeter.util.JMeterUtils: ERROR! Resource string not found: [mqtt_message_input_type_text] 
2017/08/01 00:37:27 WARN  - jmeter.util.JMeterUtils: ERROR! Resource string not found: [mqtt_message_input_type_file] 
2017/08/01 00:37:28 WARN  - jmeter.util.JMeterUtils: ERROR! Resource string not found: [mqtt_qos] 
2017/08/01 00:37:28 WARN  - jmeter.util.JMeterUtils: ERROR! Resource string not found: [mqtt_at_most_once] 
2017/08/01 00:37:28 WARN  - jmeter.util.JMeterUtils: ERROR! Resource string not found: [mqtt_at_least_once] 
2017/08/01 00:37:28 WARN  - jmeter.util.JMeterUtils: ERROR! Resource string not found: [mqtt_exactly_once] 
2017/08/01 00:37:28 WARN  - jmeter.util.JMeterUtils: ERROR! Resource string not found: [mqtt_client_types] 
2017/08/01 00:37:28 WARN  - jmeter.util.JMeterUtils: ERROR! Resource string not found: [mqtt_blocking_client] 
2017/08/01 00:37:28 WARN  - jmeter.util.JMeterUtils: ERROR! Resource string not found: [mqtt_async_client] 
2017/08/01 00:37:28 INFO  - jmeter.gui.util.MenuFactory: Skipping org.apache.jmeter.timers.BSFTimer 
2017/08/01 00:37:28 INFO  - jmeter.gui.util.MenuFactory: Skipping org.apache.jmeter.visualizers.BSFListener 
2017/08/01 00:37:28 INFO  - jmeter.gui.util.MenuFactory: Skipping org.apache.jmeter.visualizers.MonitorHealthVisualizer 
2017/08/01 00:37:28 INFO  - jmeter.samplers.SampleResult: Note: Sample TimeStamps are START times 
2017/08/01 00:37:28 INFO  - jmeter.samplers.SampleResult: sampleresult.default.encoding is set to ISO-8859-1 
2017/08/01 00:37:28 INFO  - jmeter.samplers.SampleResult: sampleresult.useNanoTime=true 
2017/08/01 00:37:28 INFO  - jmeter.samplers.SampleResult: sampleresult.nanoThreadSleep=5000 
2017/08/01 00:37:50 INFO  - jmeter.services.FileServer: Default base='D:\Vector\Performance\bin' 
2017/08/01 00:37:50 INFO  - jmeter.gui.action.Load: Loading file: D:\Vector\Performance\src\CRM-baseline.jmx 
2017/08/01 00:37:50 INFO  - jmeter.services.FileServer: Set new base='D:\Vector\Performance\src' 
2017/08/01 00:37:50 INFO  - jmeter.save.SaveService: Testplan (JMX) version: 2.2. Testlog (JTL) version: 2.2 
2017/08/01 00:37:50 INFO  - jmeter.save.SaveService: Using SaveService properties file encoding UTF-8 
2017/08/01 00:37:50 INFO  - jmeter.save.SaveService: Using SaveService properties version 3.1 
2017/08/01 00:37:50 INFO  - jmeter.save.SaveService: All converter versions present and correct 
2017/08/01 00:37:50 INFO  - jmeter.save.SaveService: Loading file: D:\Vector\Performance\src\CRM-baseline.jmx 
2017/08/01 00:37:50 INFO  - jmeter.protocol.http.control.CookieManager: Settings: Delete null: true Check: true Allow variable: true Save: false Prefix: COOKIE_ 
2017/08/01 00:37:50 INFO  - jmeter.protocol.http.control.CacheManager: Will only cache the following methods: [GET] 
2017/08/01 00:41:26 INFO  - jmeter.services.FileServer: Set new base='D:\Vector\Performance\src' 
2017/08/01 00:41:59 INFO  - jmeter.engine.StandardJMeterEngine: Running the test! 
2017/08/01 00:41:59 INFO  - jmeter.samplers.SampleEvent: List of sample_variables: [] 
2017/08/01 00:41:59 INFO  - jmeter.samplers.SampleEvent: List of sample_variables: [] 
2017/08/01 00:41:59 INFO  - jmeter.gui.util.JMeterMenuBar: setRunning(true,*local*) 
2017/08/01 00:41:59 INFO  - jmeter.engine.StandardJMeterEngine: Starting ThreadGroup: 1 : Thread Group 
2017/08/01 00:41:59 INFO  - jmeter.engine.StandardJMeterEngine: Starting 5 threads for group Thread Group. 
2017/08/01 00:41:59 INFO  - jmeter.engine.StandardJMeterEngine: Thread will start next loop on error 
2017/08/01 00:41:59 INFO  - kg.apc.jmeter.threads.AbstractSimpleThreadGroup: Starting thread group number 1 threads 5 
2017/08/01 00:41:59 INFO  - jmeter.threads.JMeterThread: Thread started: Thread Group 1-1 
2017/08/01 00:41:59 INFO  - jmeter.threads.JMeterThread: Thread started: Thread Group 1-2 
2017/08/01 00:42:00 INFO  - jmeter.threads.JMeterThread: Thread started: Thread Group 1-3 
2017/08/01 00:42:00 INFO  - jmeter.threads.JMeterThread: Thread started: Thread Group 1-4 
2017/08/01 00:42:00 INFO  - kg.apc.jmeter.threads.AbstractSimpleThreadGroup: Started thread group number 1 
2017/08/01 00:42:00 INFO  - jmeter.engine.StandardJMeterEngine: All thread groups have been started 
2017/08/01 00:42:00 INFO  - jmeter.threads.JMeterThread: Thread started: Thread Group 1-5 
2017/08/01 00:42:00 INFO  - jmeter.protocol.http.sampler.HTTPHCAbstractImpl: Local host = GMG05CRMDEV02 
2017/08/01 00:42:00 INFO  - jmeter.protocol.http.sampler.HTTPHC4Impl: HTTP request retry count = 0 
2017/08/01 00:42:00 INFO  - jmeter.protocol.http.sampler.LazySchemeSocketFactory: Setting up HTTPS TrustAll Socket Factory 
2017/08/01 00:42:00 INFO  - jmeter.util.JsseSSLManager: Using default SSL protocol: TLS 
2017/08/01 00:42:00 INFO  - jmeter.util.JsseSSLManager: SSL session context: per-thread 
2017/08/01 00:42:00 INFO  - jmeter.util.SSLManager: JmeterKeyStore Location:  type JKS 
2017/08/01 00:42:00 INFO  - jmeter.util.SSLManager: KeyStore created OK 
2017/08/01 00:42:00 WARN  - jmeter.util.SSLManager: Keystore file not found, loading empty keystore 
2017/08/01 00:50:20 INFO  - jmeter.threads.JMeterThread: Stopping because end time detected by thread: Thread Group 1-5 
2017/08/01 00:50:20 INFO  - jmeter.threads.JMeterThread: Thread finished: Thread Group 1-5 
2017/08/01 00:50:20 INFO  - jmeter.threads.JMeterThread: Stopping because end time detected by thread: Thread Group 1-4 
2017/08/01 00:50:20 INFO  - jmeter.threads.JMeterThread: Thread finished: Thread Group 1-4 
2017/08/01 00:50:21 INFO  - jmeter.threads.JMeterThread: Stopping because end time detected by thread: Thread Group 1-1 
2017/08/01 00:50:21 INFO  - jmeter.threads.JMeterThread: Thread finished: Thread Group 1-1 
2017/08/01 00:50:21 INFO  - jmeter.threads.JMeterThread: Stopping because end time detected by thread: Thread Group 1-2 
2017/08/01 00:50:21 INFO  - jmeter.threads.JMeterThread: Thread finished: Thread Group 1-2 
2017/08/01 00:50:26 INFO  - jmeter.threads.JMeterThread: Stopping because end time detected by thread: Thread Group 1-3 
2017/08/01 00:50:26 INFO  - jmeter.threads.JMeterThread: Thread finished: Thread Group 1-3 
2017/08/01 00:50:26 INFO  - jmeter.engine.StandardJMeterEngine: Notifying test listeners of end of test 
2017/08/01 00:50:26 INFO  - jmeter.gui.util.JMeterMenuBar: setRunning(false,*local*) 
2017/08/01 01:03:39 INFO  - jmeter.engine.StandardJMeterEngine: Running the test! 
2017/08/01 01:03:39 INFO  - jmeter.samplers.SampleEvent: List of sample_variables: [] 
2017/08/01 01:03:39 INFO  - jmeter.gui.util.JMeterMenuBar: setRunning(true,*local*) 
2017/08/01 01:03:39 INFO  - jmeter.engine.StandardJMeterEngine: Starting ThreadGroup: 1 : Thread Group 
2017/08/01 01:03:39 INFO  - jmeter.engine.StandardJMeterEngine: Starting 5 threads for group Thread Group. 
2017/08/01 01:03:39 INFO  - jmeter.engine.StandardJMeterEngine: Thread will start next loop on error 
2017/08/01 01:03:39 INFO  - kg.apc.jmeter.threads.AbstractSimpleThreadGroup: Starting thread group number 1 threads 5 
2017/08/01 01:03:39 INFO  - jmeter.threads.JMeterThread: Thread started: Thread Group 1-1 
2017/08/01 01:03:39 INFO  - jmeter.threads.JMeterThread: Thread started: Thread Group 1-2 
2017/08/01 01:03:40 INFO  - jmeter.threads.JMeterThread: Thread started: Thread Group 1-3 
2017/08/01 01:03:40 INFO  - jmeter.threads.JMeterThread: Thread started: Thread Group 1-4 
2017/08/01 01:03:40 INFO  - kg.apc.jmeter.threads.AbstractSimpleThreadGroup: Started thread group number 1 
2017/08/01 01:03:40 INFO  - jmeter.engine.StandardJMeterEngine: All thread groups have been started 
2017/08/01 01:03:40 INFO  - jmeter.threads.JMeterThread: Thread started: Thread Group 1-5 
2017/08/01 01:06:50 INFO  - jmeter.gui.action.Start: Stopping test 
2017/08/01 01:06:50 INFO  - jmeter.threads.JMeterThread: Stopping: Thread Group 1-1 
2017/08/01 01:06:50 WARN  - jmeter.threads.JMeterThread: Interrupting: Thread Group 1-1 sampler: 64 /my322199.crm.ondemand.com:443/sap/bc/srt/scs/sap/queryservicerequestin 
2017/08/01 01:06:50 INFO  - jmeter.threads.JMeterThread: Stopping: Thread Group 1-4 
2017/08/01 01:06:50 WARN  - jmeter.threads.JMeterThread: Interrupting: Thread Group 1-4 sampler: Think Time 
2017/08/01 01:06:50 INFO  - jmeter.threads.JMeterThread: Thread finished: Thread Group 1-4 
2017/08/01 01:06:50 INFO  - jmeter.threads.JMeterThread: Stopping: Thread Group 1-3 
2017/08/01 01:06:50 WARN  - jmeter.threads.JMeterThread: Interrupting: Thread Group 1-3 sampler: Think Time 
2017/08/01 01:06:50 INFO  - jmeter.threads.JMeterThread: Stopping: Thread Group 1-2 
2017/08/01 01:06:50 WARN  - jmeter.threads.JMeterThread: Interrupting: Thread Group 1-2 sampler: 75 /my322199.crm.ondemand.com:443/sap/bc/srt/scs/sap/queryservicerequestextensionfo 
2017/08/01 01:06:50 INFO  - jmeter.threads.JMeterThread: Thread finished: Thread Group 1-3 
2017/08/01 01:06:50 INFO  - jmeter.threads.JMeterThread: Stopping: Thread Group 1-5 
2017/08/01 01:06:50 WARN  - jmeter.threads.JMeterThread: Interrupting: Thread Group 1-5 sampler: 69 /my322199.crm.ondemand.com:443/sap/bc/srt/scs/sap/manageservicerequestin1 
2017/08/01 01:06:50 INFO  - jmeter.threads.JMeterThread: Thread finished: Thread Group 1-1 
2017/08/01 01:06:50 INFO  - jmeter.threads.JMeterThread: Thread finished: Thread Group 1-2 
2017/08/01 01:06:50 INFO  - jmeter.threads.JMeterThread: Thread finished: Thread Group 1-5 
2017/08/01 01:06:50 INFO  - jmeter.engine.StandardJMeterEngine: Notifying test listeners of end of test 
2017/08/01 01:06:50 INFO  - jmeter.gui.util.JMeterMenuBar: setRunning(false,*local*) 
2017/08/01 01:09:30 INFO  - jmeter.engine.StandardJMeterEngine: Running the test! 
2017/08/01 01:09:30 INFO  - jmeter.samplers.SampleEvent: List of sample_variables: [] 
2017/08/01 01:09:30 INFO  - jmeter.gui.util.JMeterMenuBar: setRunning(true,*local*) 
2017/08/01 01:09:30 INFO  - jmeter.engine.StandardJMeterEngine: Starting ThreadGroup: 1 : Thread Group 
2017/08/01 01:09:30 INFO  - jmeter.engine.StandardJMeterEngine: Starting 20 threads for group Thread Group. 
2017/08/01 01:09:30 INFO  - jmeter.engine.StandardJMeterEngine: Thread will start next loop on error 
2017/08/01 01:09:30 INFO  - kg.apc.jmeter.threads.AbstractSimpleThreadGroup: Starting thread group number 1 threads 20 
2017/08/01 01:09:30 INFO  - jmeter.threads.JMeterThread: Thread started: Thread Group 1-1 
2017/08/01 01:09:30 INFO  - jmeter.threads.JMeterThread: Thread started: Thread Group 1-2 
2017/08/01 01:09:30 INFO  - jmeter.threads.JMeterThread: Thread started: Thread Group 1-3 
2017/08/01 01:09:30 INFO  - jmeter.threads.JMeterThread: Thread started: Thread Group 1-4 
2017/08/01 01:09:31 INFO  - jmeter.threads.JMeterThread: Thread started: Thread Group 1-5 
2017/08/01 01:09:31 INFO  - jmeter.threads.JMeterThread: Thread started: Thread Group 1-6 
2017/08/01 01:09:31 INFO  - jmeter.threads.JMeterThread: Thread started: Thread Group 1-7 
2017/08/01 01:09:31 INFO  - jmeter.threads.JMeterThread: Thread started: Thread Group 1-8 
2017/08/01 01:09:31 INFO  - jmeter.threads.JMeterThread: Thread started: Thread Group 1-9 
2017/08/01 01:09:31 INFO  - jmeter.threads.JMeterThread: Thread started: Thread Group 1-10 
2017/08/01 01:09:31 INFO  - jmeter.threads.JMeterThread: Thread started: Thread Group 1-11 
2017/08/01 01:09:31 INFO  - jmeter.threads.JMeterThread: Thread started: Thread Group 1-12 
2017/08/01 01:09:31 INFO  - jmeter.threads.JMeterThread: Thread started: Thread Group 1-13 
2017/08/01 01:09:31 INFO  - jmeter.threads.JMeterThread: Thread started: Thread Group 1-14 
2017/08/01 01:09:31 INFO  - jmeter.threads.JMeterThread: Thread started: Thread Group 1-15 
2017/08/01 01:09:31 INFO  - jmeter.threads.JMeterThread: Thread started: Thread Group 1-16 
2017/08/01 01:09:31 INFO  - jmeter.threads.JMeterThread: Thread started: Thread Group 1-17 
2017/08/01 01:09:31 INFO  - jmeter.threads.JMeterThread: Thread started: Thread Group 1-18 
2017/08/01 01:09:31 INFO  - jmeter.threads.JMeterThread: Thread started: Thread Group 1-19 
2017/08/01 01:09:31 INFO  - kg.apc.jmeter.threads.AbstractSimpleThreadGroup: Started thread group number 1 
2017/08/01 01:09:31 INFO  - jmeter.engine.StandardJMeterEngine: All thread groups have been started 
2017/08/01 01:09:31 INFO  - jmeter.threads.JMeterThread: Thread started: Thread Group 1-20 
2017/08/01 01:13:27 INFO  - jmeter.gui.action.Start: Stopping test 
2017/08/01 01:13:27 INFO  - jmeter.threads.JMeterThread: Stopping: Thread Group 1-18 
2017/08/01 01:13:27 WARN  - jmeter.threads.JMeterThread: Interrupting: Thread Group 1-18 sampler: Think Time 
2017/08/01 01:13:27 INFO  - jmeter.threads.JMeterThread: Stopping: Thread Group 1-20 
2017/08/01 01:13:27 WARN  - jmeter.threads.JMeterThread: Interrupting: Thread Group 1-20 sampler: Think Time 
2017/08/01 01:13:27 INFO  - jmeter.threads.JMeterThread: Stopping: Thread Group 1-19 
2017/08/01 01:13:27 WARN  - jmeter.threads.JMeterThread: Interrupting: Thread Group 1-19 sampler: 261 /my322199.crm.ondemand.com:443/sap/bc/srt/scs/sap/manageservicerequestin1 
2017/08/01 01:13:27 INFO  - jmeter.threads.JMeterThread: Thread finished: Thread Group 1-20 
2017/08/01 01:13:27 INFO  - jmeter.threads.JMeterThread: Thread finished: Thread Group 1-18 
2017/08/01 01:13:27 INFO  - jmeter.threads.JMeterThread: Stopping: Thread Group 1-13 
2017/08/01 01:13:27 WARN  - jmeter.threads.JMeterThread: Interrupting: Thread Group 1-13 sampler: Think Time 
2017/08/01 01:13:27 INFO  - jmeter.threads.JMeterThread: Thread finished: Thread Group 1-13 
2017/08/01 01:13:27 INFO  - jmeter.threads.JMeterThread: Stopping: Thread Group 1-14 
2017/08/01 01:13:27 WARN  - jmeter.threads.JMeterThread: Interrupting: Thread Group 1-14 sampler: 69 /my322199.crm.ondemand.com:443/sap/bc/srt/scs/sap/manageservicerequestin1 
2017/08/01 01:13:27 INFO  - jmeter.threads.JMeterThread: Stopping: Thread Group 1-6 
2017/08/01 01:13:27 WARN  - jmeter.threads.JMeterThread: Interrupting: Thread Group 1-6 sampler: Think Time 
2017/08/01 01:13:27 INFO  - jmeter.threads.JMeterThread: Stopping: Thread Group 1-3 
2017/08/01 01:13:27 WARN  - jmeter.threads.JMeterThread: Interrupting: Thread Group 1-3 sampler: 255 /my322199.crm.ondemand.com:443/sap/bc/srt/scs/sap/querycustomerin1 
2017/08/01 01:13:27 INFO  - jmeter.threads.JMeterThread: Stopping: Thread Group 1-15 
2017/08/01 01:13:27 WARN  - jmeter.threads.JMeterThread: Interrupting: Thread Group 1-15 sampler: Think Time 
2017/08/01 01:13:27 INFO  - jmeter.threads.JMeterThread: Stopping: Thread Group 1-12 
2017/08/01 01:13:27 WARN  - jmeter.threads.JMeterThread: Interrupting: Thread Group 1-12 sampler: 261 /my322199.crm.ondemand.com:443/sap/bc/srt/scs/sap/manageservicerequestin1 
2017/08/01 01:13:27 INFO  - jmeter.threads.JMeterThread: Stopping: Thread Group 1-2 
2017/08/01 01:13:27 WARN  - jmeter.threads.JMeterThread: Interrupting: Thread Group 1-2 sampler: Think Time 
2017/08/01 01:13:27 INFO  - jmeter.threads.JMeterThread: Stopping: Thread Group 1-5 
2017/08/01 01:13:27 WARN  - jmeter.threads.JMeterThread: Interrupting: Thread Group 1-5 sampler: 77 /my322199.crm.ondemand.com:443/sap/bc/srt/scs/sap/queryservicerequestextensionfo 
2017/08/01 01:13:27 INFO  - jmeter.threads.JMeterThread: Thread finished: Thread Group 1-5 
2017/08/01 01:13:27 INFO  - jmeter.threads.JMeterThread: Thread finished: Thread Group 1-6 
2017/08/01 01:13:27 INFO  - jmeter.threads.JMeterThread: Thread finished: Thread Group 1-2 
2017/08/01 01:13:27 INFO  - jmeter.threads.JMeterThread: Stopping: Thread Group 1-1 
2017/08/01 01:13:27 WARN  - jmeter.threads.JMeterThread: Interrupting: Thread Group 1-1 sampler: 255 /my322199.crm.ondemand.com:443/sap/bc/srt/scs/sap/querycustomerin1 
2017/08/01 01:13:27 INFO  - jmeter.threads.JMeterThread: Thread finished: Thread Group 1-15 
2017/08/01 01:13:27 INFO  - jmeter.threads.JMeterThread: Thread finished: Thread Group 1-19 
2017/08/01 01:13:27 INFO  - jmeter.threads.JMeterThread: Stopping: Thread Group 1-11 
2017/08/01 01:13:27 WARN  - jmeter.threads.JMeterThread: Interrupting: Thread Group 1-11 sampler: Think Time 
2017/08/01 01:13:27 INFO  - jmeter.threads.JMeterThread: Thread finished: Thread Group 1-11 
2017/08/01 01:13:27 INFO  - jmeter.threads.JMeterThread: Thread finished: Thread Group 1-12 
2017/08/01 01:13:27 INFO  - jmeter.threads.JMeterThread: Stopping: Thread Group 1-4 
2017/08/01 01:13:27 WARN  - jmeter.threads.JMeterThread: Interrupting: Thread Group 1-4 sampler: 65 /my322199.crm.ondemand.com:443/sap/bc/srt/scs/sap/queryservicerequestin 
2017/08/01 01:13:27 INFO  - jmeter.threads.JMeterThread: Thread finished: Thread Group 1-1 
2017/08/01 01:13:27 INFO  - jmeter.threads.JMeterThread: Stopping: Thread Group 1-7 
2017/08/01 01:13:27 WARN  - jmeter.threads.JMeterThread: Interrupting: Thread Group 1-7 sampler: 255 /my322199.crm.ondemand.com:443/sap/bc/srt/scs/sap/querycustomerin1 
2017/08/01 01:13:27 INFO  - jmeter.threads.JMeterThread: Thread finished: Thread Group 1-3 
2017/08/01 01:13:27 INFO  - jmeter.threads.JMeterThread: Thread finished: Thread Group 1-14 
2017/08/01 01:13:27 INFO  - jmeter.threads.JMeterThread: Stopping: Thread Group 1-8 
2017/08/01 01:13:27 INFO  - jmeter.threads.JMeterThread: Thread finished: Thread Group 1-4 
2017/08/01 01:13:27 WARN  - jmeter.threads.JMeterThread: Interrupting: Thread Group 1-8 sampler: 255 /my322199.crm.ondemand.com:443/sap/bc/srt/scs/sap/querycustomerin1 
2017/08/01 01:13:27 INFO  - jmeter.threads.JMeterThread: Thread finished: Thread Group 1-7 
2017/08/01 01:13:27 INFO  - jmeter.threads.JMeterThread: Stopping: Thread Group 1-17 
2017/08/01 01:13:27 WARN  - jmeter.threads.JMeterThread: Interrupting: Thread Group 1-17 sampler: 261 /my322199.crm.ondemand.com:443/sap/bc/srt/scs/sap/manageservicerequestin1 
2017/08/01 01:13:27 INFO  - jmeter.threads.JMeterThread: Stopping: Thread Group 1-10 
2017/08/01 01:13:27 WARN  - jmeter.threads.JMeterThread: Interrupting: Thread Group 1-10 sampler: 65 /my322199.crm.ondemand.com:443/sap/bc/srt/scs/sap/queryservicerequestin 
2017/08/01 01:13:27 INFO  - jmeter.threads.JMeterThread: Thread finished: Thread Group 1-17 
2017/08/01 01:13:27 INFO  - jmeter.threads.JMeterThread: Stopping: Thread Group 1-9 
2017/08/01 01:13:27 WARN  - jmeter.threads.JMeterThread: Interrupting: Thread Group 1-9 sampler: 75 /my322199.crm.ondemand.com:443/sap/bc/srt/scs/sap/queryservicerequestextensionfo 
2017/08/01 01:13:27 INFO  - jmeter.threads.JMeterThread: Stopping: Thread Group 1-16 
2017/08/01 01:13:27 WARN  - jmeter.threads.JMeterThread: Interrupting: Thread Group 1-16 sampler: Think Time 
2017/08/01 01:13:27 INFO  - jmeter.threads.JMeterThread: Thread finished: Thread Group 1-9 
2017/08/01 01:13:27 INFO  - jmeter.threads.JMeterThread: Thread finished: Thread Group 1-10 
2017/08/01 01:13:27 INFO  - jmeter.threads.JMeterThread: Thread finished: Thread Group 1-8 
2017/08/01 01:13:27 INFO  - jmeter.threads.JMeterThread: Thread finished: Thread Group 1-16 
2017/08/01 01:13:27 INFO  - jmeter.engine.StandardJMeterEngine: Notifying test listeners of end of test 
2017/08/01 01:13:27 INFO  - jmeter.gui.util.JMeterMenuBar: setRunning(false,*local*) 
>>>>>>> 09c4ead27541be343476976d3f3e6ef0d5542e04
